# JRE version: Java(TM) SE Runtime Environment (17.0.8+9) (build 17.0.8+9-LTS-211)
# Java VM: Java HotSpot(TM) 64-Bit Server VM (17.0.8+9-LTS-211, mixed mode, sharing, tiered, compressed oops, compressed class ptrs, g1 gc, windows-amd64)
GC Precious Log:
 CPUs: 8 total, 8 available
 Memory: 7834M
 Large Page Support: Disabled
 NUMA Support: Disabled
 Compressed Oops: Enabled (32-bit)
 Heap Region Size: 1M
 Heap Min Capacity: 8M
 Heap Initial Capacity: 124M
 Heap Max Capacity: 1960M
 Pre-touch: Disabled
 Parallel Workers: 8
 Concurrent Workers: 2
 Concurrent Refinement Workers: 8
 Periodic GC: Disabled
Heap:
 garbage-first heap   total 206848K, used 122935K [0x0000000085800000, 0x0000000100000000)
  region size 1024K, 36 young (36864K), 3 survivors (3072K)
 Metaspace       used 43958K, committed 44544K, reserved 1114112K
  class space    used 5031K, committed 5312K, reserved 1048576K
GC Heap History (20 events):
Event: 12.916 GC heap before
{Heap before GC invocations=9 (full 0):
 garbage-first heap   total 115712K, used 80425K [0x0000000085800000, 0x0000000100000000)
  region size 1024K, 35 young (35840K), 1 survivors (1024K)
 Metaspace       used 26152K, committed 26496K, reserved 1114112K
  class space    used 2977K, committed 3136K, reserved 1048576K
}
Event: 12.926 GC heap after
{Heap after GC invocations=10 (full 0):
 garbage-first heap   total 115712K, used 54784K [0x0000000085800000, 0x0000000100000000)
  region size 1024K, 5 young (5120K), 5 survivors (5120K)
 Metaspace       used 26152K, committed 26496K, reserved 1114112K
  class space    used 2977K, committed 3136K, reserved 1048576K
}
Event: 14.771 GC heap before
{Heap before GC invocations=10 (full 0):
 garbage-first heap   total 115712K, used 82432K [0x0000000085800000, 0x0000000100000000)
  region size 1024K, 33 young (33792K), 5 survivors (5120K)
 Metaspace       used 27972K, committed 28288K, reserved 1114112K
  class space    used 3181K, committed 3328K, reserved 1048576K
}
Event: 14.777 GC heap after
{Heap after GC invocations=11 (full 0):
 garbage-first heap   total 115712K, used 56292K [0x0000000085800000, 0x0000000100000000)
  region size 1024K, 1 young (1024K), 1 survivors (1024K)
 Metaspace       used 27972K, committed 28288K, reserved 1114112K
  class space    used 3181K, committed 3328K, reserved 1048576K
}
Event: 16.671 GC heap before
{Heap before GC invocations=11 (full 0):
 garbage-first heap   total 115712K, used 87012K [0x0000000085800000, 0x0000000100000000)
  region size 1024K, 31 young (31744K), 1 survivors (1024K)
 Metaspace       used 29098K, committed 29504K, reserved 1114112K
  class space    used 3296K, committed 3520K, reserved 1048576K
}
Event: 16.678 GC heap after
{Heap after GC invocations=12 (full 0):
 garbage-first heap   total 115712K, used 67498K [0x0000000085800000, 0x0000000100000000)
  region size 1024K, 4 young (4096K), 4 survivors (4096K)
 Metaspace       used 29098K, committed 29504K, reserved 1114112K
  class space    used 3296K, committed 3520K, reserved 1048576K
}
Event: 17.033 GC heap before
{Heap before GC invocations=13 (full 0):
 garbage-first heap   total 116736K, used 85930K [0x0000000085800000, 0x0000000100000000)
  region size 1024K, 23 young (23552K), 4 survivors (4096K)
 Metaspace       used 29141K, committed 29568K, reserved 1114112K
  class space    used 3296K, committed 3520K, reserved 1048576K
}
Event: 17.043 GC heap after
{Heap after GC invocations=14 (full 0):
 garbage-first heap   total 206848K, used 75671K [0x0000000085800000, 0x0000000100000000)
  region size 1024K, 3 young (3072K), 3 survivors (3072K)
 Metaspace       used 29141K, committed 29568K, reserved 1114112K
  class space    used 3296K, committed 3520K, reserved 1048576K
}
Event: 17.086 GC heap before
{Heap before GC invocations=14 (full 0):
 garbage-first heap   total 206848K, used 81815K [0x0000000085800000, 0x0000000100000000)
  region size 1024K, 10 young (10240K), 3 survivors (3072K)
 Metaspace       used 29142K, committed 29568K, reserved 1114112K
  class space    used 3296K, committed 3520K, reserved 1048576K
}
Event: 17.090 GC heap after
{Heap after GC invocations=15 (full 0):
 garbage-first heap   total 206848K, used 74145K [0x0000000085800000, 0x0000000100000000)
  region size 1024K, 2 young (2048K), 2 survivors (2048K)
 Metaspace       used 29142K, committed 29568K, reserved 1114112K
  class space    used 3296K, committed 3520K, reserved 1048576K
}
Event: 18.620 GC heap before
{Heap before GC invocations=15 (full 0):
 garbage-first heap   total 206848K, used 134561K [0x0000000085800000, 0x0000000100000000)
  region size 1024K, 62 young (63488K), 2 survivors (2048K)
 Metaspace       used 30724K, committed 31168K, reserved 1114112K
  class space    used 3454K, committed 3648K, reserved 1048576K
}
Event: 18.628 GC heap after
{Heap after GC invocations=16 (full 0):
 garbage-first heap   total 206848K, used 84800K [0x0000000085800000, 0x0000000100000000)
  region size 1024K, 8 young (8192K), 8 survivors (8192K)
 Metaspace       used 30724K, committed 31168K, reserved 1114112K
  class space    used 3454K, committed 3648K, reserved 1048576K
}
Event: 19.043 GC heap before
{Heap before GC invocations=16 (full 0):
 garbage-first heap   total 206848K, used 132928K [0x0000000085800000, 0x0000000100000000)
  region size 1024K, 40 young (40960K), 8 survivors (8192K)
 Metaspace       used 32723K, committed 33152K, reserved 1114112K
  class space    used 3744K, committed 3968K, reserved 1048576K
}
Event: 19.048 GC heap after
{Heap after GC invocations=17 (full 0):
 garbage-first heap   total 206848K, used 104088K [0x0000000085800000, 0x0000000100000000)
  region size 1024K, 3 young (3072K), 3 survivors (3072K)
 Metaspace       used 32723K, committed 33152K, reserved 1114112K
  class space    used 3744K, committed 3968K, reserved 1048576K
}
Event: 19.817 GC heap before
{Heap before GC invocations=18 (full 0):
 garbage-first heap   total 206848K, used 160408K [0x0000000085800000, 0x0000000100000000)
  region size 1024K, 51 young (52224K), 3 survivors (3072K)
 Metaspace       used 33047K, committed 33472K, reserved 1114112K
  class space    used 3781K, committed 3968K, reserved 1048576K
}
Event: 19.821 GC heap after
{Heap after GC invocations=19 (full 0):
 garbage-first heap   total 206848K, used 96405K [0x0000000085800000, 0x0000000100000000)
  region size 1024K, 7 young (7168K), 7 survivors (7168K)
 Metaspace       used 33047K, committed 33472K, reserved 1114112K
  class space    used 3781K, committed 3968K, reserved 1048576K
}
Event: 19.822 GC heap before
{Heap before GC invocations=19 (full 0):
 garbage-first heap   total 206848K, used 98453K [0x0000000085800000, 0x0000000100000000)
  region size 1024K, 10 young (10240K), 7 survivors (7168K)
 Metaspace       used 33047K, committed 33472K, reserved 1114112K
  class space    used 3781K, committed 3968K, reserved 1048576K
}
Event: 19.824 GC heap after
{Heap after GC invocations=20 (full 0):
 garbage-first heap   total 206848K, used 88067K [0x0000000085800000, 0x0000000100000000)
  region size 1024K, 1 young (1024K), 1 survivors (1024K)
 Metaspace       used 33047K, committed 33472K, reserved 1114112K
  class space    used 3781K, committed 3968K, reserved 1048576K
}
Event: 22.849 GC heap before
{Heap before GC invocations=20 (full 0):
 garbage-first heap   total 206848K, used 146435K [0x0000000085800000, 0x0000000100000000)
  region size 1024K, 59 young (60416K), 1 survivors (1024K)
 Metaspace       used 36947K, committed 37376K, reserved 1114112K
  class space    used 4222K, committed 4416K, reserved 1048576K
}
Event: 22.851 GC heap after
{Heap after GC invocations=21 (full 0):
 garbage-first heap   total 206848K, used 90167K [0x0000000085800000, 0x0000000100000000)
  region size 1024K, 3 young (3072K), 3 survivors (3072K)
 Metaspace       used 36947K, committed 37376K, reserved 1114112K
  class space    used 4222K, committed 4416K, reserved 1048576K
}

