# JRE version: Java(TM) SE Runtime Environment (17.0.8+9) (build 17.0.8+9-LTS-211)
# Java VM: Java HotSpot(TM) 64-Bit Server VM (17.0.8+9-LTS-211, mixed mode, sharing, tiered, compressed oops, compressed class ptrs, g1 gc, windows-amd64)
GC Precious Log:
 CPUs: 8 total, 8 available
 Memory: 7834M
 Large Page Support: Disabled
 NUMA Support: Disabled
 Compressed Oops: Enabled (32-bit)
 Heap Region Size: 1M
 Heap Min Capacity: 8M
 Heap Initial Capacity: 124M
 Heap Max Capacity: 1960M
 Pre-touch: Disabled
 Parallel Workers: 8
 Concurrent Workers: 2
 Concurrent Refinement Workers: 8
 Periodic GC: Disabled
Heap:
 garbage-first heap   total 324608K, used 131431K [0x0000000085800000, 0x0000000100000000)
  region size 1024K, 54 young (55296K), 13 survivors (13312K)
 Metaspace       used 35196K, committed 35584K, reserved 1114112K
  class space    used 3997K, committed 4160K, reserved 1048576K
GC Heap History (20 events):
Event: 17.407 GC heap before
{Heap before GC invocations=7 (full 0):
 garbage-first heap   total 81920K, used 66176K [0x0000000085800000, 0x0000000100000000)
  region size 1024K, 52 young (53248K), 8 survivors (8192K)
 Metaspace       used 25641K, committed 25920K, reserved 1114112K
  class space    used 2911K, committed 3008K, reserved 1048576K
}
Event: 17.433 GC heap after
{Heap after GC invocations=8 (full 0):
 garbage-first heap   total 98304K, used 44734K [0x0000000085800000, 0x0000000100000000)
  region size 1024K, 10 young (10240K), 10 survivors (10240K)
 Metaspace       used 25641K, committed 25920K, reserved 1114112K
  class space    used 2911K, committed 3008K, reserved 1048576K
}
Event: 18.021 GC heap before
{Heap before GC invocations=8 (full 0):
 garbage-first heap   total 98304K, used 71358K [0x0000000085800000, 0x0000000100000000)
  region size 1024K, 36 young (36864K), 10 survivors (10240K)
 Metaspace       used 26115K, committed 26432K, reserved 1114112K
  class space    used 2974K, committed 3072K, reserved 1048576K
}
Event: 18.039 GC heap after
{Heap after GC invocations=9 (full 0):
 garbage-first heap   total 118784K, used 53817K [0x0000000085800000, 0x0000000100000000)
  region size 1024K, 5 young (5120K), 5 survivors (5120K)
 Metaspace       used 26115K, committed 26432K, reserved 1114112K
  class space    used 2974K, committed 3072K, reserved 1048576K
}
Event: 20.314 GC heap before
{Heap before GC invocations=9 (full 0):
 garbage-first heap   total 118784K, used 83513K [0x0000000085800000, 0x0000000100000000)
  region size 1024K, 35 young (35840K), 5 survivors (5120K)
 Metaspace       used 27860K, committed 28224K, reserved 1114112K
  class space    used 3174K, committed 3328K, reserved 1048576K
}
Event: 20.327 GC heap after
{Heap after GC invocations=10 (full 0):
 garbage-first heap   total 118784K, used 56320K [0x0000000085800000, 0x0000000100000000)
  region size 1024K, 2 young (2048K), 2 survivors (2048K)
 Metaspace       used 27860K, committed 28224K, reserved 1114112K
  class space    used 3174K, committed 3328K, reserved 1048576K
}
Event: 22.496 GC heap before
{Heap before GC invocations=10 (full 0):
 garbage-first heap   total 118784K, used 88064K [0x0000000085800000, 0x0000000100000000)
  region size 1024K, 33 young (33792K), 2 survivors (2048K)
 Metaspace       used 29060K, committed 29440K, reserved 1114112K
  class space    used 3295K, committed 3456K, reserved 1048576K
}
Event: 22.503 GC heap after
{Heap after GC invocations=11 (full 0):
 garbage-first heap   total 118784K, used 66048K [0x0000000085800000, 0x0000000100000000)
  region size 1024K, 5 young (5120K), 5 survivors (5120K)
 Metaspace       used 29060K, committed 29440K, reserved 1114112K
  class space    used 3295K, committed 3456K, reserved 1048576K
}
Event: 22.929 GC heap before
{Heap before GC invocations=12 (full 0):
 garbage-first heap   total 118784K, used 87552K [0x0000000085800000, 0x0000000100000000)
  region size 1024K, 27 young (27648K), 5 survivors (5120K)
 Metaspace       used 29125K, committed 29504K, reserved 1114112K
  class space    used 3296K, committed 3456K, reserved 1048576K
}
Event: 22.938 GC heap after
{Heap after GC invocations=13 (full 0):
 garbage-first heap   total 118784K, used 75659K [0x0000000085800000, 0x0000000100000000)
  region size 1024K, 4 young (4096K), 4 survivors (4096K)
 Metaspace       used 29125K, committed 29504K, reserved 1114112K
  class space    used 3296K, committed 3456K, reserved 1048576K
}
Event: 22.940 GC heap before
{Heap before GC invocations=13 (full 0):
 garbage-first heap   total 118784K, used 76683K [0x0000000085800000, 0x0000000100000000)
  region size 1024K, 5 young (5120K), 4 survivors (4096K)
 Metaspace       used 29125K, committed 29504K, reserved 1114112K
  class space    used 3296K, committed 3456K, reserved 1048576K
}
Event: 22.944 GC heap after
{Heap after GC invocations=14 (full 0):
 garbage-first heap   total 118784K, used 71947K [0x0000000085800000, 0x0000000100000000)
  region size 1024K, 1 young (1024K), 1 survivors (1024K)
 Metaspace       used 29125K, committed 29504K, reserved 1114112K
  class space    used 3296K, committed 3456K, reserved 1048576K
}
Event: 23.252 GC heap before
{Heap before GC invocations=14 (full 0):
 garbage-first heap   total 118784K, used 89355K [0x0000000085800000, 0x0000000100000000)
  region size 1024K, 18 young (18432K), 1 survivors (1024K)
 Metaspace       used 29137K, committed 29504K, reserved 1114112K
  class space    used 3296K, committed 3456K, reserved 1048576K
}
Event: 23.256 GC heap after
{Heap after GC invocations=15 (full 0):
 garbage-first heap   total 118784K, used 78686K [0x0000000085800000, 0x0000000100000000)
  region size 1024K, 3 young (3072K), 3 survivors (3072K)
 Metaspace       used 29137K, committed 29504K, reserved 1114112K
  class space    used 3296K, committed 3456K, reserved 1048576K
}
Event: 23.581 GC heap before
{Heap before GC invocations=16 (full 0):
 garbage-first heap   total 135168K, used 90974K [0x0000000085800000, 0x0000000100000000)
  region size 1024K, 16 young (16384K), 3 survivors (3072K)
 Metaspace       used 27803K, committed 28544K, reserved 1114112K
  class space    used 3139K, committed 3392K, reserved 1048576K
}
Event: 23.586 GC heap after
{Heap after GC invocations=17 (full 0):
 garbage-first heap   total 135168K, used 83629K [0x0000000085800000, 0x0000000100000000)
  region size 1024K, 2 young (2048K), 2 survivors (2048K)
 Metaspace       used 27803K, committed 28544K, reserved 1114112K
  class space    used 3139K, committed 3392K, reserved 1048576K
}
Event: 23.662 GC heap before
{Heap before GC invocations=17 (full 0):
 garbage-first heap   total 135168K, used 86701K [0x0000000085800000, 0x0000000100000000)
  region size 1024K, 6 young (6144K), 2 survivors (2048K)
 Metaspace       used 27878K, committed 28544K, reserved 1114112K
  class space    used 3140K, committed 3392K, reserved 1048576K
}
Event: 23.668 GC heap after
{Heap after GC invocations=18 (full 0):
 garbage-first heap   total 324608K, used 79815K [0x0000000085800000, 0x0000000100000000)
  region size 1024K, 1 young (1024K), 1 survivors (1024K)
 Metaspace       used 27878K, committed 28544K, reserved 1114112K
  class space    used 3140K, committed 3392K, reserved 1048576K
}
Event: 26.910 GC heap before
{Heap before GC invocations=18 (full 0):
 garbage-first heap   total 324608K, used 225223K [0x0000000085800000, 0x0000000100000000)
  region size 1024K, 120 young (122880K), 1 survivors (1024K)
 Metaspace       used 33049K, committed 33536K, reserved 1114112K
  class space    used 3777K, committed 3968K, reserved 1048576K
}
Event: 26.915 GC heap after
{Heap after GC invocations=19 (full 0):
 garbage-first heap   total 324608K, used 91495K [0x0000000085800000, 0x0000000100000000)
  region size 1024K, 13 young (13312K), 13 survivors (13312K)
 Metaspace       used 33049K, committed 33536K, reserved 1114112K
  class space    used 3777K, committed 3968K, reserved 1048576K
}

